<?xml version="1.0" encoding="UTF-8"?>
<!-- Generated by org.testng.reporters.JUnitReportReporter -->
<testsuite hostname="LAPTOP-1TF6SCUN" failures="0" tests="1" name="RestApiLibraryAPI.TestLibraryAPI" time="3.015" errors="0" timestamp="2025-03-19T02:26:33 IST" skipped="0">
  <testcase classname="RestApiLibraryAPI.TestLibraryAPI" name="addBook" time="3.015"/>
</testsuite> <!-- RestApiLibraryAPI.TestLibraryAPI -->
