<?xml version="1.0" encoding="UTF-8"?>
<!-- Generated by org.testng.reporters.JUnitReportReporter -->
<testsuite hostname="LAPTOP-1TF6SCUN" failures="0" tests="3" name="RestApiLibraryAPI.DataProviderTest" time="3.620" errors="0" timestamp="2025-03-19T02:54:07 IST" skipped="0">
  <testcase classname="RestApiLibraryAPI.DataProviderTest" name="addBook" time="3.288"/>
  <testcase classname="RestApiLibraryAPI.DataProviderTest" name="addBook" time="0.157"/>
  <testcase classname="RestApiLibraryAPI.DataProviderTest" name="addBook" time="0.175"/>
</testsuite> <!-- RestApiLibraryAPI.DataProviderTest -->
