<?xml version="1.0" encoding="UTF-8"?>
<!-- Generated by org.testng.reporters.JUnitReportReporter -->
<testsuite hostname="LAPTOP-1TF6SCUN" failures="0" tests="1" name="jiraAPIAutomation.CreateBugJira" time="4.136" errors="0" timestamp="2025-03-20T16:04:47 IST" skipped="0">
  <testcase classname="jiraAPIAutomation.CreateBugJira" name="createBug" time="4.136"/>
</testsuite> <!-- jiraAPIAutomation.CreateBugJira -->
